<?xml version="1.0" encoding="UTF-8"?>
<TestRun id="cc0f085b-7344-499e-99a1-388e7b160acc" name="thomas.rice@ASGLH-WL-20110 2018-08-22 16:24:09" runUser="ASSEENONSCREEN\thomas.rice" xmlns="http://microsoft.com/schemas/VisualStudio/TeamTest/2010">
  <TestSettings name="Local" id="606f0432-f6cc-4914-a096-1b9903252433">
    <Description>These are default test settings for a local test run.</Description>
    <Execution hostProcessPlatform="MSIL">
      <TestTypeSpecific />
      <AgentRule name="Execution Agents">
      </AgentRule>
    </Execution>
    <Deployment runDeploymentRoot="thomas.rice_ASGLH-WL-20110 2018-08-22 16_24_09" />
    <Properties>
      <Property name="TestSettingsUIType" value="LoadTest" />
    </Properties>
  </TestSettings>
  <Times creation="2018-08-22T16:24:09.6213734+01:00" queuing="2018-08-22T16:24:11.1114177+01:00" start="2018-08-22T16:24:11.2422352+01:00" finish="2018-08-22T16:24:23.0633344+01:00" />
  <ResultSummary outcome="Completed">
    <Counters total="1" executed="1" passed="1" error="0" failed="0" timeout="0" aborted="0" inconclusive="0" passedButRunAborted="0" notRunnable="0" notExecuted="0" disconnected="0" warning="0" completed="0" inProgress="0" pending="0" />
  </ResultSummary>
  <TestDefinitions>
    <WebTest name="TestWebTest" storage="c:\git\cosmos-perf-test-project\cosmosperftest\webandloadtestproject1\testwebtest.webtest" priority="0" id="1eb218a5-2a4d-4fe8-90f0-2e0077d3aaa5" persistedWebTest="77u/PD94bWwgdmVyc2lvbj0iMS4wIiBlbmNvZGluZz0iVVRGLTgiIHN0YW5kYWxvbmU9InllcyI/Pg0KPFdlYlRlc3QgTmFtZT0iVGVzdFdlYlRlc3QiIElkPSIxZWIyMThhNS0yYTRkLTRmZTgtOTBmMC0yZTAwNzdkM2FhYTUiIE93bmVyPSIiIFByaW9yaXR5PSIwIiBFbmFibGVkPSJUcnVlIiBDc3NQcm9qZWN0U3RydWN0dXJlPSIiIENzc0l0ZXJhdGlvbj0iIiBUaW1lb3V0PSIwIiBXb3JrSXRlbUlkcz0iIiB4bWxucz0iaHR0cDovL21pY3Jvc29mdC5jb20vc2NoZW1hcy9WaXN1YWxTdHVkaW8vVGVhbVRlc3QvMjAxMCIgRGVzY3JpcHRpb249IiIgQ3JlZGVudGlhbFVzZXJOYW1lPSIiIENyZWRlbnRpYWxQYXNzd29yZD0iIiBQcmVBdXRoZW50aWNhdGU9IlRydWUiIFByb3h5PSJkZWZhdWx0IiBTdG9wT25FcnJvcj0iRmFsc2UiIFJlY29yZGVkUmVzdWx0RmlsZT0iIiBSZXN1bHRzTG9jYWxlPSIiPg0KICA8SXRlbXM+DQogICAgPFJlcXVlc3QgTWV0aG9kPSJHRVQiIEd1aWQ9IjBjMzk3ODE4LTFiNWQtNDkwMS1iNTYwLTg1ODNkZTE2MDZlNCIgVmVyc2lvbj0iMS4xIiBVcmw9Imh0dHA6Ly90ZXN0dG9tY29tc29zcGVyZi5henVyZXdlYnNpdGVzLm5ldC9sb2FkL3JlYWQiIFRoaW5rVGltZT0iMCIgVGltZW91dD0iNjAiIFBhcnNlRGVwZW5kZW50UmVxdWVzdHM9IlRydWUiIEZvbGxvd1JlZGlyZWN0cz0iVHJ1ZSIgUmVjb3JkUmVzdWx0PSJUcnVlIiBDYWNoZT0iRmFsc2UiIFJlc3BvbnNlVGltZUdvYWw9IjAiIEVuY29kaW5nPSJ1dGYtOCIgRXhwZWN0ZWRIdHRwU3RhdHVzQ29kZT0iMCIgRXhwZWN0ZWRSZXNwb25zZVVybD0iIiBSZXBvcnRpbmdOYW1lPSIiIElnbm9yZUh0dHBTdGF0dXNDb2RlPSJGYWxzZSIgLz4NCiAgPC9JdGVtcz4NCjwvV2ViVGVzdD4=">
      <Execution id="2ca1709f-89c4-481a-8b39-50c83cfd13af" />
    </WebTest>
  </TestDefinitions>
  <TestLists>
    <TestList name="Results Not in a List" id="8c84fa94-04c1-424b-9868-57a2d4851a1d" />
    <TestList name="All Loaded Results" id="19431567-8539-422a-85d7-44ee4e166bda" />
  </TestLists>
  <TestEntries>
    <TestEntry isTransparent="false" testId="1eb218a5-2a4d-4fe8-90f0-2e0077d3aaa5" executionId="2ca1709f-89c4-481a-8b39-50c83cfd13af" testListId="8c84fa94-04c1-424b-9868-57a2d4851a1d" />
  </TestEntries>
  <Results>
    <WebTestResult executionId="2ca1709f-89c4-481a-8b39-50c83cfd13af" testId="1eb218a5-2a4d-4fe8-90f0-2e0077d3aaa5" testName="TestWebTest" computerName="ASGLH-WL-20110" duration="00:00:00.7747595" startTime="2018-08-22T16:24:11.6346859+01:00" endTime="2018-08-22T16:24:23.0139464+01:00" testType="4e7599fa-5ecb-43e9-a887-cd63cf72d207" outcome="Passed" testListId="8c84fa94-04c1-424b-9868-57a2d4851a1d" relativeResultsDirectory="2ca1709f-89c4-481a-8b39-50c83cfd13af">
      <ResultFiles>
        <ResultFile path="TestWebTest.webtestResult" />
      </ResultFiles>
      <TestSettings name="Local" id="606f0432-f6cc-4914-a096-1b9903252433">
        <Description>These are default test settings for a local test run.</Description>
        <Execution hostProcessPlatform="MSIL">
          <TestTypeSpecific>
            <WebTestRunConfiguration testTypeId="4e7599fa-5ecb-43e9-a887-cd63cf72d207">
              <Browser name="Internet Explorer 9.0" MaxConnections="6">
                <Headers>
                  <Header name="User-Agent" value="Mozilla/5.0 (compatible; MSIE 9.0; Windows NT 6.1; Trident/5.0)" />
                  <Header name="Accept" value="*/*" />
                  <Header name="Accept-Language" value="{{$IEAcceptLanguage}}" />
                  <Header name="Accept-Encoding" value="GZIP" />
                </Headers>
              </Browser>
            </WebTestRunConfiguration>
          </TestTypeSpecific>
          <AgentRule name="Execution Agents">
          </AgentRule>
        </Execution>
        <Deployment runDeploymentRoot="thomas.rice_ASGLH-WL-20110 2018-08-22 16_24_09" />
        <Properties>
          <Property name="TestSettingsUIType" value="LoadTest" />
        </Properties>
      </TestSettings>
      <WebTestResultFilePath>thomas.rice_ASGLH-WL-20110 2018-08-22 16_24_09\In\2ca1709f-89c4-481a-8b39-50c83cfd13af\TestWebTest.webtestResult</WebTestResultFilePath>
    </WebTestResult>
  </Results>
</TestRun>