<?xml version="1.0" encoding="UTF-8"?>
<TestRun id="5463cb6a-6746-429c-af4f-fe333158193f" name="thomas.rice@ASGLH-WL-20110 2018-08-22 16:45:41" runUser="ASSEENONSCREEN\thomas.rice" xmlns="http://microsoft.com/schemas/VisualStudio/TeamTest/2010">
  <TestSettings name="Local" id="606f0432-f6cc-4914-a096-1b9903252433">
    <Description>These are default test settings for a local test run.</Description>
    <Execution hostProcessPlatform="MSIL">
      <TestTypeSpecific />
      <AgentRule name="Execution Agents">
      </AgentRule>
    </Execution>
    <Deployment runDeploymentRoot="thomas.rice_ASGLH-WL-20110 2018-08-22 16_45_41" />
    <Properties>
      <Property name="TestSettingsUIType" value="UnitTest" />
    </Properties>
  </TestSettings>
  <Times creation="2018-08-22T16:45:41.7957373+01:00" queuing="2018-08-22T16:45:42.9478673+01:00" start="2018-08-22T16:45:43.0210618+01:00" finish="2018-08-22T16:45:55.2820867+01:00" />
  <ResultSummary outcome="Completed">
    <Counters total="1" executed="1" passed="1" error="0" failed="0" timeout="0" aborted="0" inconclusive="0" passedButRunAborted="0" notRunnable="0" notExecuted="0" disconnected="0" warning="0" completed="0" inProgress="0" pending="0" />
  </ResultSummary>
  <TestDefinitions>
    <WebTest name="CallApi" storage="c:\git\cosmos-perf-test-project\cosmosperftest\webandloadtestproject1\callapi.webtest" priority="0" id="1eb218a5-2a4d-4fe8-90f0-2e0077d3aaa5" persistedWebTest="77u/PD94bWwgdmVyc2lvbj0iMS4wIiBlbmNvZGluZz0iVVRGLTgiIHN0YW5kYWxvbmU9InllcyI/Pg0KPFdlYlRlc3QgTmFtZT0iQ2FsbEFwaSIgSWQ9IjFlYjIxOGE1LTJhNGQtNGZlOC05MGYwLTJlMDA3N2QzYWFhNSIgT3duZXI9IiIgUHJpb3JpdHk9IjAiIEVuYWJsZWQ9IlRydWUiIENzc1Byb2plY3RTdHJ1Y3R1cmU9IiIgQ3NzSXRlcmF0aW9uPSIiIFRpbWVvdXQ9IjAiIFdvcmtJdGVtSWRzPSIiIHhtbG5zPSJodHRwOi8vbWljcm9zb2Z0LmNvbS9zY2hlbWFzL1Zpc3VhbFN0dWRpby9UZWFtVGVzdC8yMDEwIiBEZXNjcmlwdGlvbj0iIiBDcmVkZW50aWFsVXNlck5hbWU9IiIgQ3JlZGVudGlhbFBhc3N3b3JkPSIiIFByZUF1dGhlbnRpY2F0ZT0iVHJ1ZSIgUHJveHk9ImRlZmF1bHQiIFN0b3BPbkVycm9yPSJGYWxzZSIgUmVjb3JkZWRSZXN1bHRGaWxlPSIiIFJlc3VsdHNMb2NhbGU9IiI+DQogIDxJdGVtcz4NCiAgICA8VHJhbnNhY3Rpb25UaW1lciBOYW1lPSJUcmFuc2FjdGlvbjEiPg0KICAgICAgPEl0ZW1zPg0KICAgICAgICA8UmVxdWVzdCBNZXRob2Q9IkdFVCIgR3VpZD0iMGMzOTc4MTgtMWI1ZC00OTAxLWI1NjAtODU4M2RlMTYwNmU0IiBWZXJzaW9uPSIxLjEiIFVybD0iaHR0cDovL3Rlc3R0b21jb21zb3NwZXJmLmF6dXJld2Vic2l0ZXMubmV0L2xvYWQvcmVhZCIgVGhpbmtUaW1lPSIwIiBUaW1lb3V0PSI2MCIgUGFyc2VEZXBlbmRlbnRSZXF1ZXN0cz0iVHJ1ZSIgRm9sbG93UmVkaXJlY3RzPSJUcnVlIiBSZWNvcmRSZXN1bHQ9IlRydWUiIENhY2hlPSJGYWxzZSIgUmVzcG9uc2VUaW1lR29hbD0iMCIgRW5jb2Rpbmc9InV0Zi04IiBFeHBlY3RlZEh0dHBTdGF0dXNDb2RlPSIwIiBFeHBlY3RlZFJlc3BvbnNlVXJsPSIiIFJlcG9ydGluZ05hbWU9IiIgSWdub3JlSHR0cFN0YXR1c0NvZGU9IkZhbHNlIiAvPg0KICAgICAgPC9JdGVtcz4NCiAgICA8L1RyYW5zYWN0aW9uVGltZXI+DQogIDwvSXRlbXM+DQo8L1dlYlRlc3Q+">
      <Execution id="320bb29d-1c35-48d5-8163-795c6f0c1d80" />
    </WebTest>
  </TestDefinitions>
  <TestLists>
    <TestList name="Results Not in a List" id="8c84fa94-04c1-424b-9868-57a2d4851a1d" />
    <TestList name="All Loaded Results" id="19431567-8539-422a-85d7-44ee4e166bda" />
  </TestLists>
  <TestEntries>
    <TestEntry isTransparent="false" testId="1eb218a5-2a4d-4fe8-90f0-2e0077d3aaa5" executionId="320bb29d-1c35-48d5-8163-795c6f0c1d80" testListId="8c84fa94-04c1-424b-9868-57a2d4851a1d" />
  </TestEntries>
  <Results>
    <WebTestResult executionId="320bb29d-1c35-48d5-8163-795c6f0c1d80" testId="1eb218a5-2a4d-4fe8-90f0-2e0077d3aaa5" testName="CallApi" computerName="ASGLH-WL-20110" duration="00:00:01.2353956" startTime="2018-08-22T16:45:43.4269397+01:00" endTime="2018-08-22T16:45:55.2580238+01:00" testType="4e7599fa-5ecb-43e9-a887-cd63cf72d207" outcome="Passed" testListId="8c84fa94-04c1-424b-9868-57a2d4851a1d" relativeResultsDirectory="320bb29d-1c35-48d5-8163-795c6f0c1d80">
      <ResultFiles>
        <ResultFile path="CallApi.webtestResult" />
      </ResultFiles>
      <TestSettings name="Local" id="606f0432-f6cc-4914-a096-1b9903252433">
        <Description>These are default test settings for a local test run.</Description>
        <Execution hostProcessPlatform="MSIL">
          <TestTypeSpecific>
            <WebTestRunConfiguration testTypeId="4e7599fa-5ecb-43e9-a887-cd63cf72d207">
              <Browser name="Internet Explorer 9.0" MaxConnections="6">
                <Headers>
                  <Header name="User-Agent" value="Mozilla/5.0 (compatible; MSIE 9.0; Windows NT 6.1; Trident/5.0)" />
                  <Header name="Accept" value="*/*" />
                  <Header name="Accept-Language" value="{{$IEAcceptLanguage}}" />
                  <Header name="Accept-Encoding" value="GZIP" />
                </Headers>
              </Browser>
            </WebTestRunConfiguration>
          </TestTypeSpecific>
          <AgentRule name="Execution Agents">
          </AgentRule>
        </Execution>
        <Deployment runDeploymentRoot="thomas.rice_ASGLH-WL-20110 2018-08-22 16_45_41" />
        <Properties>
          <Property name="TestSettingsUIType" value="UnitTest" />
        </Properties>
      </TestSettings>
      <WebTestResultFilePath>thomas.rice_ASGLH-WL-20110 2018-08-22 16_45_41\In\320bb29d-1c35-48d5-8163-795c6f0c1d80\CallApi.webtestResult</WebTestResultFilePath>
    </WebTestResult>
  </Results>
</TestRun>